Added Pin To Net: NetName=CLOCK Pin=J1-14
Added Pin To Net: NetName=CLOCK Pin=U2-13
Added Net: Name=CLOCK
Added Pin To Net: NetName=CS Pin=J1-12
Added Pin To Net: NetName=CS Pin=U2-16
Added Net: Name=CS
Added Pin To Net: NetName=Enable Pin=J1-5
Added Pin To Net: NetName=Enable Pin=U1-8
Added Net: Name=Enable
Added Pin To Net: NetName=GPIO_3 Pin=J1-7
Added Pin To Net: NetName=GPIO_3 Pin=P1-6
Added Net: Name=GPIO_3
Added Pin To Net: NetName=GPIO_4 Pin=J1-8
Added Pin To Net: NetName=GPIO_4 Pin=P1-5
Added Net: Name=GPIO_4
Added Pin To Net: NetName=INT Pin=J1-9
Added Pin To Net: NetName=INT Pin=U2-12
Added Net: Name=INT
Added Pin To Net: NetName=MISO Pin=J1-15
Added Pin To Net: NetName=MISO Pin=U2-15
Added Net: Name=MISO
Added Pin To Net: NetName=MOSI Pin=J1-13
Added Pin To Net: NetName=MOSI Pin=U2-14
Added Net: Name=MOSI
Added Pin To Net: NetName=RX_MCP Pin=P1-2
Added Pin To Net: NetName=RX_MCP Pin=U2-2
Added Net: Name=RX_MCP
Added Pin To Net: NetName=RX_TJA Pin=P1-4
Added Pin To Net: NetName=RX_TJA Pin=U1-4
Added Net: Name=RX_TJA
Added Pin To Net: NetName=TX_MCP Pin=P1-1
Added Pin To Net: NetName=TX_MCP Pin=U2-1
Added Net: Name=TX_MCP
Added Pin To Net: NetName=TX_TJA Pin=P1-3
Added Pin To Net: NetName=TX_TJA Pin=U1-1
Added Net: Name=TX_TJA
